android/build/intermediates/manifest_merge_blame_file/debug/manifest-merger-blame-debug-report.txt
1<?xml version="1.0" encoding="utf-8"?>
2<!-- AndroidManifest.xml -->
3<manifest xmlns:android="http://schemas.android.com/apk/res/android"
4    xmlns:tools="http://schemas.android.com/tools"
5    package="com.vod.upload" >
6
7    <uses-sdk
8        android:minSdkVersion="24"
8-->src/main/AndroidManifest.xml
9        android:targetSdkVersion="31" />
9-->src/main/AndroidManifest.xml
10
11    <uses-permission android:name="android.permission.INTERNET" />
11-->src/main/AndroidManifest.xml:6:5-66
11-->src/main/AndroidManifest.xml:6:22-64
12    <uses-permission android:name="android.permission.ACCESS_WIFI_STATE" />
12-->src/main/AndroidManifest.xml:7:5-75
12-->src/main/AndroidManifest.xml:7:22-73
13    <uses-permission android:name="android.permission.ACCESS_NETWORK_STATE" />
13-->src/main/AndroidManifest.xml:8:5-78
13-->src/main/AndroidManifest.xml:8:22-76
14    <uses-permission android:name="android.permission.WRITE_EXTERNAL_STORAGE" />
14-->src/main/AndroidManifest.xml:9:5-81
14-->src/main/AndroidManifest.xml:9:22-78
15    <uses-permission android:name="android.permission.READ_EXTERNAL_STORAGE" />
15-->src/main/AndroidManifest.xml:10:5-79
15-->src/main/AndroidManifest.xml:10:22-77
16
17    <application>
17-->src/main/AndroidManifest.xml:11:5-19:19
18        <receiver
18-->src/main/AndroidManifest.xml:12:9-18:20
19            android:name="com.vod.upload.impl.TVCNetWorkStateReceiver"
19-->src/main/AndroidManifest.xml:12:19-77
20            android:exported="false"
20-->src/main/AndroidManifest.xml:12:126-150
21            tools:ignore="MissingClass,WrongManifestParent" >
21-->src/main/AndroidManifest.xml:12:78-125
22            <intent-filter>
22-->src/main/AndroidManifest.xml:13:13-17:29
23
24                <!-- 检测网络变化的 action -->
25                <action android:name="android.net.conn.CONNECTIVITY_CHANGE" />
25-->src/main/AndroidManifest.xml:15:17-78
25-->src/main/AndroidManifest.xml:15:25-76
26
27                <category android:name="android.intent.category.DEFAULT" />
27-->src/main/AndroidManifest.xml:16:17-76
27-->src/main/AndroidManifest.xml:16:27-73
28            </intent-filter>
29        </receiver>
30    </application>
31
32</manifest>